#
# There is insufficient memory for the Java Runtime Environment to continue.
# Native memory allocation (malloc) failed to allocate 334592 bytes for Chunk::new
# Possible reasons:
#   The system is out of physical RAM or swap space
#   The process is running with CompressedOops enabled, and the Java Heap may be blocking the growth of the native heap
# Possible solutions:
#   Reduce memory load on the system
#   Increase physical memory or swap space
#   Check if swap backing store is full
#   Decrease Java heap size (-Xmx/-Xms)
#   Decrease number of Java threads
#   Decrease Java thread stack sizes (-Xss)
#   Set larger code cache with -XX:ReservedCodeCacheSize=
#   JVM is running with Unscaled Compressed Oops mode in which the Java heap is
#     placed in the first 4GB address space. The Java Heap base address is the
#     maximum limit for the native heap growth. Please use -XX:HeapBaseMinAddress
#     to set the Java Heap base and to place the Java Heap above 4GB virtual address.
# This output file may be truncated or incomplete.
#
#  Out of Memory Error (arena.cpp:168), pid=113712, tid=115556
#
# JRE version: OpenJDK Runtime Environment (21.0.2+13) (build 21.0.2+13-58)
# Java VM: OpenJDK 64-Bit Server VM (21.0.2+13-58, mixed mode, sharing, tiered, compressed oops, compressed class ptrs, g1 gc, windows-amd64)
# No core dump will be written. Minidumps are not enabled by default on client versions of Windows
#

---------------  S U M M A R Y ------------

Command Line: -javaagent:C:\Program Files\JetBrains\IntelliJ IDEA 2023.3.2\lib\idea_rt.jar=49986:C:\Program Files\JetBrains\IntelliJ IDEA 2023.3.2\bin -Dfile.encoding=UTF-8 -Dsun.stdout.encoding=UTF-8 -Dsun.stderr.encoding=UTF-8 projects.UcakBileti

Host: 12th Gen Intel(R) Core(TM) i7-12700, 20 cores, 7G,  Windows 11 , 64 bit Build 22621 (10.0.22621.3085)
Time: Mon Jan 29 11:29:54 2024 Türkiye Standart Saati elapsed time: 1.435626 seconds (0d 0h 0m 1s)

---------------  T H R E A D  ---------------

Current thread (0x00000284609f4fa0):  JavaThread "C2 CompilerThread1" daemon [_thread_in_native, id=115556, stack(0x00000090df000000,0x00000090df100000) (1024K)]


Current CompileTask:
C2:   1435  438       4       java.io.DataInputStream::readFully (59 bytes)

Stack: [0x00000090df000000,0x00000090df100000]
Native frames: (J=compiled Java code, j=interpreted, Vv=VM code, C=native code)
V  [jvm.dll+0x6cade9]
V  [jvm.dll+0x8569c1]
V  [jvm.dll+0x858d2e]
V  [jvm.dll+0x859413]
V  [jvm.dll+0x280e56]
V  [jvm.dll+0xc3f3d]
V  [jvm.dll+0xc4473]
V  [jvm.dll+0x3b5c2c]
V  [jvm.dll+0x382855]
V  [jvm.dll+0x381cca]
V  [jvm.dll+0x249bd0]
V  [jvm.dll+0x2491b1]
V  [jvm.dll+0x1c9634]
V  [jvm.dll+0x258859]
V  [jvm.dll+0x256e3a]
V  [jvm.dll+0x3ef6c6]
V  [jvm.dll+0x7ff568]
V  [jvm.dll+0x6c953d]
C  [ucrtbase.dll+0x29363]
C  [KERNEL32.DLL+0x1257d]
C  [ntdll.dll+0x5aa58]


---------------  P R O C E S S  ---------------

Threads class SMR info:
_java_thread_list=0x00000284609f4b80, length=16, elements={
0x0000028442d34070, 0x0000028460589340, 0x000002846058c070, 0x000002846058e6c0,
0x000002846058f120, 0x000002846058fcb0, 0x0000028460590710, 0x000002846059daf0,
0x00000284605a06d0, 0x00000284607ed6e0, 0x00000284607f2470, 0x00000284607f6b30,
0x00000284608eff60, 0x00000284608f05d0, 0x00000284609340a0, 0x00000284609f4fa0
}

Java Threads: ( => current thread )
  0x0000028442d34070 JavaThread "main"                              [_thread_in_native, id=115796, stack(0x00000090dda00000,0x00000090ddb00000) (1024K)]
  0x0000028460589340 JavaThread "Reference Handler"          daemon [_thread_blocked, id=116108, stack(0x00000090de200000,0x00000090de300000) (1024K)]
  0x000002846058c070 JavaThread "Finalizer"                  daemon [_thread_blocked, id=23284, stack(0x00000090de300000,0x00000090de400000) (1024K)]
  0x000002846058e6c0 JavaThread "Signal Dispatcher"          daemon [_thread_blocked, id=112356, stack(0x00000090de400000,0x00000090de500000) (1024K)]
  0x000002846058f120 JavaThread "Attach Listener"            daemon [_thread_blocked, id=59508, stack(0x00000090de500000,0x00000090de600000) (1024K)]
  0x000002846058fcb0 JavaThread "Service Thread"             daemon [_thread_blocked, id=116688, stack(0x00000090de600000,0x00000090de700000) (1024K)]
  0x0000028460590710 JavaThread "Monitor Deflation Thread"   daemon [_thread_blocked, id=47000, stack(0x00000090de700000,0x00000090de800000) (1024K)]
  0x000002846059daf0 JavaThread "C2 CompilerThread0"         daemon [_thread_blocked, id=113948, stack(0x00000090de800000,0x00000090de900000) (1024K)]
  0x00000284605a06d0 JavaThread "C1 CompilerThread0"         daemon [_thread_blocked, id=115596, stack(0x00000090de900000,0x00000090dea00000) (1024K)]
  0x00000284607ed6e0 JavaThread "Common-Cleaner"             daemon [_thread_blocked, id=100676, stack(0x00000090dea00000,0x00000090deb00000) (1024K)]
  0x00000284607f2470 JavaThread "C1 CompilerThread1"         daemon [_thread_blocked, id=107768, stack(0x00000090deb00000,0x00000090dec00000) (1024K)]
  0x00000284607f6b30 JavaThread "C1 CompilerThread2"         daemon [_thread_blocked, id=54096, stack(0x00000090dec00000,0x00000090ded00000) (1024K)]
  0x00000284608eff60 JavaThread "Monitor Ctrl-Break"         daemon [_thread_in_native, id=109208, stack(0x00000090ded00000,0x00000090dee00000) (1024K)]
  0x00000284608f05d0 JavaThread "Notification Thread"        daemon [_thread_blocked, id=82464, stack(0x00000090dee00000,0x00000090def00000) (1024K)]
  0x00000284609340a0 JavaThread "C1 CompilerThread3"         daemon [_thread_blocked, id=3148, stack(0x00000090def00000,0x00000090df000000) (1024K)]
=>0x00000284609f4fa0 JavaThread "C2 CompilerThread1"         daemon [_thread_in_native, id=115556, stack(0x00000090df000000,0x00000090df100000) (1024K)]
Total: 16

Other Threads:
  0x000002846056a660 VMThread "VM Thread"                           [id=112676, stack(0x00000090de100000,0x00000090de200000) (1024K)]
  0x00000284605508f0 WatcherThread "VM Periodic Task Thread"        [id=81956, stack(0x00000090de000000,0x00000090de100000) (1024K)]
  0x0000028442d8bec0 WorkerThread "GC Thread#0"                     [id=117044, stack(0x00000090ddb00000,0x00000090ddc00000) (1024K)]
  0x0000028442d9c6d0 ConcurrentGCThread "G1 Main Marker"            [id=105072, stack(0x00000090ddc00000,0x00000090ddd00000) (1024K)]
  0x0000028442d9d1d0 WorkerThread "G1 Conc#0"                       [id=111620, stack(0x00000090ddd00000,0x00000090dde00000) (1024K)]
  0x000002846041f560 ConcurrentGCThread "G1 Refine#0"               [id=108996, stack(0x00000090dde00000,0x00000090ddf00000) (1024K)]
  0x000002846041ffe0 ConcurrentGCThread "G1 Service"                [id=107856, stack(0x00000090ddf00000,0x00000090de000000) (1024K)]
Total: 7

Threads with active compile tasks:
C2 CompilerThread1     1453  438       4       java.io.DataInputStream::readFully (59 bytes)
Total: 1

VM state: not at safepoint (normal execution)

VM Mutex/Monitor currently owned by a thread: None

Heap address: 0x0000000084c00000, size: 1972 MB, Compressed Oops mode: 32-bit

CDS archive(s) mapped at: [0x0000028461000000-0x0000028461c90000-0x0000028461c90000), size 13172736, SharedBaseAddress: 0x0000028461000000, ArchiveRelocationMode: 1.
Compressed class space mapped at: 0x0000028462000000-0x00000284a2000000, reserved size: 1073741824
Narrow klass base: 0x0000028461000000, Narrow klass shift: 0, Narrow klass range: 0x100000000

GC Precious Log:
 CardTable entry size: 512
 Card Set container configuration: InlinePtr #cards 5 size 8 Array Of Cards #cards 12 size 40 Howl #buckets 4 coarsen threshold 1843 Howl Bitmap #cards 512 size 80 coarsen threshold 460 Card regions per heap region 1 cards per card region 2048
 CPUs: 20 total, 20 available
 Memory: 7880M
 Large Page Support: Disabled
 NUMA Support: Disabled
 Compressed Oops: Enabled (32-bit)
 Heap Region Size: 1M
 Heap Min Capacity: 8M
 Heap Initial Capacity: 124M
 Heap Max Capacity: 1972M
 Pre-touch: Disabled
 Parallel Workers: 15
 Concurrent Workers: 4
 Concurrent Refinement Workers: 15
 Periodic GC: Disabled

Heap:
 garbage-first heap   total 126976K, used 5120K [0x0000000084c00000, 0x0000000100000000)
  region size 1024K, 6 young (6144K), 0 survivors (0K)
 Metaspace       used 1452K, committed 1600K, reserved 1114112K
  class space    used 112K, committed 192K, reserved 1048576K

Heap Regions: E=young(eden), S=young(survivor), O=old, HS=humongous(starts), HC=humongous(continues), CS=collection set, F=free, TAMS=top-at-mark-start, PB=parsable bottom
|   0|0x0000000084c00000, 0x0000000084c00000, 0x0000000084d00000|  0%| F|  |TAMS 0x0000000084c00000| PB 0x0000000084c00000| Untracked 
|   1|0x0000000084d00000, 0x0000000084d00000, 0x0000000084e00000|  0%| F|  |TAMS 0x0000000084d00000| PB 0x0000000084d00000| Untracked 
|   2|0x0000000084e00000, 0x0000000084e00000, 0x0000000084f00000|  0%| F|  |TAMS 0x0000000084e00000| PB 0x0000000084e00000| Untracked 
|   3|0x0000000084f00000, 0x0000000084f00000, 0x0000000085000000|  0%| F|  |TAMS 0x0000000084f00000| PB 0x0000000084f00000| Untracked 
|   4|0x0000000085000000, 0x0000000085000000, 0x0000000085100000|  0%| F|  |TAMS 0x0000000085000000| PB 0x0000000085000000| Untracked 
|   5|0x0000000085100000, 0x0000000085100000, 0x0000000085200000|  0%| F|  |TAMS 0x0000000085100000| PB 0x0000000085100000| Untracked 
|   6|0x0000000085200000, 0x0000000085200000, 0x0000000085300000|  0%| F|  |TAMS 0x0000000085200000| PB 0x0000000085200000| Untracked 
|   7|0x0000000085300000, 0x0000000085300000, 0x0000000085400000|  0%| F|  |TAMS 0x0000000085300000| PB 0x0000000085300000| Untracked 
|   8|0x0000000085400000, 0x0000000085400000, 0x0000000085500000|  0%| F|  |TAMS 0x0000000085400000| PB 0x0000000085400000| Untracked 
|   9|0x0000000085500000, 0x0000000085500000, 0x0000000085600000|  0%| F|  |TAMS 0x0000000085500000| PB 0x0000000085500000| Untracked 
|  10|0x0000000085600000, 0x0000000085600000, 0x0000000085700000|  0%| F|  |TAMS 0x0000000085600000| PB 0x0000000085600000| Untracked 
|  11|0x0000000085700000, 0x0000000085700000, 0x0000000085800000|  0%| F|  |TAMS 0x0000000085700000| PB 0x0000000085700000| Untracked 
|  12|0x0000000085800000, 0x0000000085800000, 0x0000000085900000|  0%| F|  |TAMS 0x0000000085800000| PB 0x0000000085800000| Untracked 
|  13|0x0000000085900000, 0x0000000085900000, 0x0000000085a00000|  0%| F|  |TAMS 0x0000000085900000| PB 0x0000000085900000| Untracked 
|  14|0x0000000085a00000, 0x0000000085a00000, 0x0000000085b00000|  0%| F|  |TAMS 0x0000000085a00000| PB 0x0000000085a00000| Untracked 
|  15|0x0000000085b00000, 0x0000000085b00000, 0x0000000085c00000|  0%| F|  |TAMS 0x0000000085b00000| PB 0x0000000085b00000| Untracked 
|  16|0x0000000085c00000, 0x0000000085c00000, 0x0000000085d00000|  0%| F|  |TAMS 0x0000000085c00000| PB 0x0000000085c00000| Untracked 
|  17|0x0000000085d00000, 0x0000000085d00000, 0x0000000085e00000|  0%| F|  |TAMS 0x0000000085d00000| PB 0x0000000085d00000| Untracked 
|  18|0x0000000085e00000, 0x0000000085e00000, 0x0000000085f00000|  0%| F|  |TAMS 0x0000000085e00000| PB 0x0000000085e00000| Untracked 
|  19|0x0000000085f00000, 0x0000000085f00000, 0x0000000086000000|  0%| F|  |TAMS 0x0000000085f00000| PB 0x0000000085f00000| Untracked 
|  20|0x0000000086000000, 0x0000000086000000, 0x0000000086100000|  0%| F|  |TAMS 0x0000000086000000| PB 0x0000000086000000| Untracked 
|  21|0x0000000086100000, 0x0000000086100000, 0x0000000086200000|  0%| F|  |TAMS 0x0000000086100000| PB 0x0000000086100000| Untracked 
|  22|0x0000000086200000, 0x0000000086200000, 0x0000000086300000|  0%| F|  |TAMS 0x0000000086200000| PB 0x0000000086200000| Untracked 
|  23|0x0000000086300000, 0x0000000086300000, 0x0000000086400000|  0%| F|  |TAMS 0x0000000086300000| PB 0x0000000086300000| Untracked 
|  24|0x0000000086400000, 0x0000000086400000, 0x0000000086500000|  0%| F|  |TAMS 0x0000000086400000| PB 0x0000000086400000| Untracked 
|  25|0x0000000086500000, 0x0000000086500000, 0x0000000086600000|  0%| F|  |TAMS 0x0000000086500000| PB 0x0000000086500000| Untracked 
|  26|0x0000000086600000, 0x0000000086600000, 0x0000000086700000|  0%| F|  |TAMS 0x0000000086600000| PB 0x0000000086600000| Untracked 
|  27|0x0000000086700000, 0x0000000086700000, 0x0000000086800000|  0%| F|  |TAMS 0x0000000086700000| PB 0x0000000086700000| Untracked 
|  28|0x0000000086800000, 0x0000000086800000, 0x0000000086900000|  0%| F|  |TAMS 0x0000000086800000| PB 0x0000000086800000| Untracked 
|  29|0x0000000086900000, 0x0000000086900000, 0x0000000086a00000|  0%| F|  |TAMS 0x0000000086900000| PB 0x0000000086900000| Untracked 
|  30|0x0000000086a00000, 0x0000000086a00000, 0x0000000086b00000|  0%| F|  |TAMS 0x0000000086a00000| PB 0x0000000086a00000| Untracked 
|  31|0x0000000086b00000, 0x0000000086b00000, 0x0000000086c00000|  0%| F|  |TAMS 0x0000000086b00000| PB 0x0000000086b00000| Untracked 
|  32|0x0000000086c00000, 0x0000000086c00000, 0x0000000086d00000|  0%| F|  |TAMS 0x0000000086c00000| PB 0x0000000086c00000| Untracked 
|  33|0x0000000086d00000, 0x0000000086d00000, 0x0000000086e00000|  0%| F|  |TAMS 0x0000000086d00000| PB 0x0000000086d00000| Untracked 
|  34|0x0000000086e00000, 0x0000000086e00000, 0x0000000086f00000|  0%| F|  |TAMS 0x0000000086e00000| PB 0x0000000086e00000| Untracked 
|  35|0x0000000086f00000, 0x0000000086f00000, 0x0000000087000000|  0%| F|  |TAMS 0x0000000086f00000| PB 0x0000000086f00000| Untracked 
|  36|0x0000000087000000, 0x0000000087000000, 0x0000000087100000|  0%| F|  |TAMS 0x0000000087000000| PB 0x0000000087000000| Untracked 
|  37|0x0000000087100000, 0x0000000087100000, 0x0000000087200000|  0%| F|  |TAMS 0x0000000087100000| PB 0x0000000087100000| Untracked 
|  38|0x0000000087200000, 0x0000000087200000, 0x0000000087300000|  0%| F|  |TAMS 0x0000000087200000| PB 0x0000000087200000| Untracked 
|  39|0x0000000087300000, 0x0000000087300000, 0x0000000087400000|  0%| F|  |TAMS 0x0000000087300000| PB 0x0000000087300000| Untracked 
|  40|0x0000000087400000, 0x0000000087400000, 0x0000000087500000|  0%| F|  |TAMS 0x0000000087400000| PB 0x0000000087400000| Untracked 
|  41|0x0000000087500000, 0x0000000087500000, 0x0000000087600000|  0%| F|  |TAMS 0x0000000087500000| PB 0x0000000087500000| Untracked 
|  42|0x0000000087600000, 0x0000000087600000, 0x0000000087700000|  0%| F|  |TAMS 0x0000000087600000| PB 0x0000000087600000| Untracked 
|  43|0x0000000087700000, 0x0000000087700000, 0x0000000087800000|  0%| F|  |TAMS 0x0000000087700000| PB 0x0000000087700000| Untracked 
|  44|0x0000000087800000, 0x0000000087800000, 0x0000000087900000|  0%| F|  |TAMS 0x0000000087800000| PB 0x0000000087800000| Untracked 
|  45|0x0000000087900000, 0x0000000087900000, 0x0000000087a00000|  0%| F|  |TAMS 0x0000000087900000| PB 0x0000000087900000| Untracked 
|  46|0x0000000087a00000, 0x0000000087a00000, 0x0000000087b00000|  0%| F|  |TAMS 0x0000000087a00000| PB 0x0000000087a00000| Untracked 
|  47|0x0000000087b00000, 0x0000000087b00000, 0x0000000087c00000|  0%| F|  |TAMS 0x0000000087b00000| PB 0x0000000087b00000| Untracked 
|  48|0x0000000087c00000, 0x0000000087c00000, 0x0000000087d00000|  0%| F|  |TAMS 0x0000000087c00000| PB 0x0000000087c00000| Untracked 
|  49|0x0000000087d00000, 0x0000000087d00000, 0x0000000087e00000|  0%| F|  |TAMS 0x0000000087d00000| PB 0x0000000087d00000| Untracked 
|  50|0x0000000087e00000, 0x0000000087e00000, 0x0000000087f00000|  0%| F|  |TAMS 0x0000000087e00000| PB 0x0000000087e00000| Untracked 
|  51|0x0000000087f00000, 0x0000000087f00000, 0x0000000088000000|  0%| F|  |TAMS 0x0000000087f00000| PB 0x0000000087f00000| Untracked 
|  52|0x0000000088000000, 0x0000000088000000, 0x0000000088100000|  0%| F|  |TAMS 0x0000000088000000| PB 0x0000000088000000| Untracked 
|  53|0x0000000088100000, 0x0000000088100000, 0x0000000088200000|  0%| F|  |TAMS 0x0000000088100000| PB 0x0000000088100000| Untracked 
|  54|0x0000000088200000, 0x0000000088200000, 0x0000000088300000|  0%| F|  |TAMS 0x0000000088200000| PB 0x0000000088200000| Untracked 
|  55|0x0000000088300000, 0x0000000088300000, 0x0000000088400000|  0%| F|  |TAMS 0x0000000088300000| PB 0x0000000088300000| Untracked 
|  56|0x0000000088400000, 0x0000000088400000, 0x0000000088500000|  0%| F|  |TAMS 0x0000000088400000| PB 0x0000000088400000| Untracked 
|  57|0x0000000088500000, 0x0000000088500000, 0x0000000088600000|  0%| F|  |TAMS 0x0000000088500000| PB 0x0000000088500000| Untracked 
|  58|0x0000000088600000, 0x0000000088600000, 0x0000000088700000|  0%| F|  |TAMS 0x0000000088600000| PB 0x0000000088600000| Untracked 
|  59|0x0000000088700000, 0x0000000088700000, 0x0000000088800000|  0%| F|  |TAMS 0x0000000088700000| PB 0x0000000088700000| Untracked 
|  60|0x0000000088800000, 0x0000000088800000, 0x0000000088900000|  0%| F|  |TAMS 0x0000000088800000| PB 0x0000000088800000| Untracked 
|  61|0x0000000088900000, 0x0000000088900000, 0x0000000088a00000|  0%| F|  |TAMS 0x0000000088900000| PB 0x0000000088900000| Untracked 
|  62|0x0000000088a00000, 0x0000000088a00000, 0x0000000088b00000|  0%| F|  |TAMS 0x0000000088a00000| PB 0x0000000088a00000| Untracked 
|  63|0x0000000088b00000, 0x0000000088b00000, 0x0000000088c00000|  0%| F|  |TAMS 0x0000000088b00000| PB 0x0000000088b00000| Untracked 
|  64|0x0000000088c00000, 0x0000000088c00000, 0x0000000088d00000|  0%| F|  |TAMS 0x0000000088c00000| PB 0x0000000088c00000| Untracked 
|  65|0x0000000088d00000, 0x0000000088d00000, 0x0000000088e00000|  0%| F|  |TAMS 0x0000000088d00000| PB 0x0000000088d00000| Untracked 
|  66|0x0000000088e00000, 0x0000000088e00000, 0x0000000088f00000|  0%| F|  |TAMS 0x0000000088e00000| PB 0x0000000088e00000| Untracked 
|  67|0x0000000088f00000, 0x0000000088f00000, 0x0000000089000000|  0%| F|  |TAMS 0x0000000088f00000| PB 0x0000000088f00000| Untracked 
|  68|0x0000000089000000, 0x0000000089000000, 0x0000000089100000|  0%| F|  |TAMS 0x0000000089000000| PB 0x0000000089000000| Untracked 
|  69|0x0000000089100000, 0x0000000089100000, 0x0000000089200000|  0%| F|  |TAMS 0x0000000089100000| PB 0x0000000089100000| Untracked 
|  70|0x0000000089200000, 0x0000000089200000, 0x0000000089300000|  0%| F|  |TAMS 0x0000000089200000| PB 0x0000000089200000| Untracked 
|  71|0x0000000089300000, 0x0000000089300000, 0x0000000089400000|  0%| F|  |TAMS 0x0000000089300000| PB 0x0000000089300000| Untracked 
|  72|0x0000000089400000, 0x0000000089400000, 0x0000000089500000|  0%| F|  |TAMS 0x0000000089400000| PB 0x0000000089400000| Untracked 
|  73|0x0000000089500000, 0x0000000089500000, 0x0000000089600000|  0%| F|  |TAMS 0x0000000089500000| PB 0x0000000089500000| Untracked 
|  74|0x0000000089600000, 0x0000000089600000, 0x0000000089700000|  0%| F|  |TAMS 0x0000000089600000| PB 0x0000000089600000| Untracked 
|  75|0x0000000089700000, 0x0000000089700000, 0x0000000089800000|  0%| F|  |TAMS 0x0000000089700000| PB 0x0000000089700000| Untracked 
|  76|0x0000000089800000, 0x0000000089800000, 0x0000000089900000|  0%| F|  |TAMS 0x0000000089800000| PB 0x0000000089800000| Untracked 
|  77|0x0000000089900000, 0x0000000089900000, 0x0000000089a00000|  0%| F|  |TAMS 0x0000000089900000| PB 0x0000000089900000| Untracked 
|  78|0x0000000089a00000, 0x0000000089a00000, 0x0000000089b00000|  0%| F|  |TAMS 0x0000000089a00000| PB 0x0000000089a00000| Untracked 
|  79|0x0000000089b00000, 0x0000000089b00000, 0x0000000089c00000|  0%| F|  |TAMS 0x0000000089b00000| PB 0x0000000089b00000| Untracked 
|  80|0x0000000089c00000, 0x0000000089c00000, 0x0000000089d00000|  0%| F|  |TAMS 0x0000000089c00000| PB 0x0000000089c00000| Untracked 
|  81|0x0000000089d00000, 0x0000000089d00000, 0x0000000089e00000|  0%| F|  |TAMS 0x0000000089d00000| PB 0x0000000089d00000| Untracked 
|  82|0x0000000089e00000, 0x0000000089e00000, 0x0000000089f00000|  0%| F|  |TAMS 0x0000000089e00000| PB 0x0000000089e00000| Untracked 
|  83|0x0000000089f00000, 0x0000000089f00000, 0x000000008a000000|  0%| F|  |TAMS 0x0000000089f00000| PB 0x0000000089f00000| Untracked 
|  84|0x000000008a000000, 0x000000008a000000, 0x000000008a100000|  0%| F|  |TAMS 0x000000008a000000| PB 0x000000008a000000| Untracked 
|  85|0x000000008a100000, 0x000000008a100000, 0x000000008a200000|  0%| F|  |TAMS 0x000000008a100000| PB 0x000000008a100000| Untracked 
|  86|0x000000008a200000, 0x000000008a200000, 0x000000008a300000|  0%| F|  |TAMS 0x000000008a200000| PB 0x000000008a200000| Untracked 
|  87|0x000000008a300000, 0x000000008a300000, 0x000000008a400000|  0%| F|  |TAMS 0x000000008a300000| PB 0x000000008a300000| Untracked 
|  88|0x000000008a400000, 0x000000008a400000, 0x000000008a500000|  0%| F|  |TAMS 0x000000008a400000| PB 0x000000008a400000| Untracked 
|  89|0x000000008a500000, 0x000000008a500000, 0x000000008a600000|  0%| F|  |TAMS 0x000000008a500000| PB 0x000000008a500000| Untracked 
|  90|0x000000008a600000, 0x000000008a600000, 0x000000008a700000|  0%| F|  |TAMS 0x000000008a600000| PB 0x000000008a600000| Untracked 
|  91|0x000000008a700000, 0x000000008a700000, 0x000000008a800000|  0%| F|  |TAMS 0x000000008a700000| PB 0x000000008a700000| Untracked 
|  92|0x000000008a800000, 0x000000008a800000, 0x000000008a900000|  0%| F|  |TAMS 0x000000008a800000| PB 0x000000008a800000| Untracked 
|  93|0x000000008a900000, 0x000000008a900000, 0x000000008aa00000|  0%| F|  |TAMS 0x000000008a900000| PB 0x000000008a900000| Untracked 
|  94|0x000000008aa00000, 0x000000008aa00000, 0x000000008ab00000|  0%| F|  |TAMS 0x000000008aa00000| PB 0x000000008aa00000| Untracked 
|  95|0x000000008ab00000, 0x000000008ab00000, 0x000000008ac00000|  0%| F|  |TAMS 0x000000008ab00000| PB 0x000000008ab00000| Untracked 
|  96|0x000000008ac00000, 0x000000008ac00000, 0x000000008ad00000|  0%| F|  |TAMS 0x000000008ac00000| PB 0x000000008ac00000| Untracked 
|  97|0x000000008ad00000, 0x000000008ad00000, 0x000000008ae00000|  0%| F|  |TAMS 0x000000008ad00000| PB 0x000000008ad00000| Untracked 
|  98|0x000000008ae00000, 0x000000008ae00000, 0x000000008af00000|  0%| F|  |TAMS 0x000000008ae00000| PB 0x000000008ae00000| Untracked 
|  99|0x000000008af00000, 0x000000008af00000, 0x000000008b000000|  0%| F|  |TAMS 0x000000008af00000| PB 0x000000008af00000| Untracked 
| 100|0x000000008b000000, 0x000000008b000000, 0x000000008b100000|  0%| F|  |TAMS 0x000000008b000000| PB 0x000000008b000000| Untracked 
| 101|0x000000008b100000, 0x000000008b100000, 0x000000008b200000|  0%| F|  |TAMS 0x000000008b100000| PB 0x000000008b100000| Untracked 
| 102|0x000000008b200000, 0x000000008b200000, 0x000000008b300000|  0%| F|  |TAMS 0x000000008b200000| PB 0x000000008b200000| Untracked 
| 103|0x000000008b300000, 0x000000008b300000, 0x000000008b400000|  0%| F|  |TAMS 0x000000008b300000| PB 0x000000008b300000| Untracked 
| 104|0x000000008b400000, 0x000000008b400000, 0x000000008b500000|  0%| F|  |TAMS 0x000000008b400000| PB 0x000000008b400000| Untracked 
| 105|0x000000008b500000, 0x000000008b500000, 0x000000008b600000|  0%| F|  |TAMS 0x000000008b500000| PB 0x000000008b500000| Untracked 
| 106|0x000000008b600000, 0x000000008b600000, 0x000000008b700000|  0%| F|  |TAMS 0x000000008b600000| PB 0x000000008b600000| Untracked 
| 107|0x000000008b700000, 0x000000008b700000, 0x000000008b800000|  0%| F|  |TAMS 0x000000008b700000| PB 0x000000008b700000| Untracked 
| 108|0x000000008b800000, 0x000000008b800000, 0x000000008b900000|  0%| F|  |TAMS 0x000000008b800000| PB 0x000000008b800000| Untracked 
| 109|0x000000008b900000, 0x000000008b900000, 0x000000008ba00000|  0%| F|  |TAMS 0x000000008b900000| PB 0x000000008b900000| Untracked 
| 110|0x000000008ba00000, 0x000000008ba00000, 0x000000008bb00000|  0%| F|  |TAMS 0x000000008ba00000| PB 0x000000008ba00000| Untracked 
| 111|0x000000008bb00000, 0x000000008bb00000, 0x000000008bc00000|  0%| F|  |TAMS 0x000000008bb00000| PB 0x000000008bb00000| Untracked 
| 112|0x000000008bc00000, 0x000000008bc00000, 0x000000008bd00000|  0%| F|  |TAMS 0x000000008bc00000| PB 0x000000008bc00000| Untracked 
| 113|0x000000008bd00000, 0x000000008bd00000, 0x000000008be00000|  0%| F|  |TAMS 0x000000008bd00000| PB 0x000000008bd00000| Untracked 
| 114|0x000000008be00000, 0x000000008be00000, 0x000000008bf00000|  0%| F|  |TAMS 0x000000008be00000| PB 0x000000008be00000| Untracked 
| 115|0x000000008bf00000, 0x000000008bf00000, 0x000000008c000000|  0%| F|  |TAMS 0x000000008bf00000| PB 0x000000008bf00000| Untracked 
| 116|0x000000008c000000, 0x000000008c000000, 0x000000008c100000|  0%| F|  |TAMS 0x000000008c000000| PB 0x000000008c000000| Untracked 
| 117|0x000000008c100000, 0x000000008c100000, 0x000000008c200000|  0%| F|  |TAMS 0x000000008c100000| PB 0x000000008c100000| Untracked 
| 118|0x000000008c200000, 0x000000008c2ec8a8, 0x000000008c300000| 92%| E|  |TAMS 0x000000008c200000| PB 0x000000008c200000| Complete 
| 119|0x000000008c300000, 0x000000008c400000, 0x000000008c400000|100%| E|CS|TAMS 0x000000008c300000| PB 0x000000008c300000| Complete 
| 120|0x000000008c400000, 0x000000008c500000, 0x000000008c500000|100%| E|CS|TAMS 0x000000008c400000| PB 0x000000008c400000| Complete 
| 121|0x000000008c500000, 0x000000008c600000, 0x000000008c600000|100%| E|CS|TAMS 0x000000008c500000| PB 0x000000008c500000| Complete 
| 122|0x000000008c600000, 0x000000008c700000, 0x000000008c700000|100%| E|CS|TAMS 0x000000008c600000| PB 0x000000008c600000| Complete 
| 123|0x000000008c700000, 0x000000008c800000, 0x000000008c800000|100%| E|CS|TAMS 0x000000008c700000| PB 0x000000008c700000| Complete 

Card table byte_map: [0x000002845b010000,0x000002845b3f0000] _byte_map_base: 0x000002845abea000

Marking Bits: (CMBitMap*) 0x0000028442d8c5c0
 Bits: [0x000002845b3f0000, 0x000002845d2c0000)

Polling page: 0x0000028440c60000

Metaspace:

Usage:
  Non-class:      1.31 MB used.
      Class:    112.97 KB used.
       Both:      1.42 MB used.

Virtual space:
  Non-class space:       64.00 MB reserved,       1.38 MB (  2%) committed,  1 nodes.
      Class space:        1.00 GB reserved,     192.00 KB ( <1%) committed,  1 nodes.
             Both:        1.06 GB reserved,       1.56 MB ( <1%) committed. 

Chunk freelists:
   Non-Class:  11.91 MB
       Class:  15.73 MB
        Both:  27.64 MB

MaxMetaspaceSize: unlimited
CompressedClassSpaceSize: 1.00 GB
Initial GC threshold: 21.00 MB
Current GC threshold: 21.00 MB
CDS: on
 - commit_granule_bytes: 65536.
 - commit_granule_words: 8192.
 - virtual_space_node_default_size: 8388608.
 - enlarge_chunks_in_place: 1.
 - use_allocation_guard: 0.


Internal statistics:

num_allocs_failed_limit: 0.
num_arena_births: 30.
num_arena_deaths: 0.
num_vsnodes_births: 2.
num_vsnodes_deaths: 0.
num_space_committed: 25.
num_space_uncommitted: 0.
num_chunks_returned_to_freelist: 0.
num_chunks_taken_from_freelist: 40.
num_chunk_merges: 0.
num_chunk_splits: 25.
num_chunks_enlarged: 14.
num_inconsistent_stats: 0.

CodeHeap 'non-profiled nmethods': size=119168Kb used=709Kb max_used=709Kb free=118458Kb
 bounds [0x0000028452d30000, 0x0000028452fa0000, 0x000002845a190000]
CodeHeap 'profiled nmethods': size=119104Kb used=671Kb max_used=671Kb free=118433Kb
 bounds [0x000002844b190000, 0x000002844b400000, 0x00000284525e0000]
CodeHeap 'non-nmethods': size=7488Kb used=2460Kb max_used=2474Kb free=5028Kb
 bounds [0x00000284525e0000, 0x00000284528d0000, 0x0000028452d30000]
 total_blobs=942 nmethods=497 adapters=347
 compilation: enabled
              stopped_count=0, restarted_count=0
 full_count=0

Compilation events (20 events):
Event: 1.431 Thread 0x00000284607f6b30  492       3       sun.invoke.util.VerifyAccess::isClassAccessible (230 bytes)
Event: 1.431 Thread 0x00000284605a06d0  493       3       java.lang.invoke.MemberName::checkForTypeAlias (172 bytes)
Event: 1.432 Thread 0x00000284609340a0 nmethod 489 0x000002844b22f010 code [0x000002844b22f240, 0x000002844b22f928]
Event: 1.432 Thread 0x000002846059daf0 nmethod 446 0x0000028452ddfb10 code [0x0000028452ddfca0, 0x0000028452ddff90]
Event: 1.432 Thread 0x00000284609340a0  494       3       jdk.internal.org.objectweb.asm.ByteVector::put12 (64 bytes)
Event: 1.432 Thread 0x000002846059daf0  447       4       java.util.concurrent.locks.ReentrantLock$Sync::tryRelease (51 bytes)
Event: 1.432 Thread 0x00000284609340a0 nmethod 494 0x000002844b22fc10 code [0x000002844b22fdc0, 0x000002844b22fff8]
Event: 1.432 Thread 0x00000284607f6b30 nmethod 492 0x000002844b230190 code [0x000002844b2304a0, 0x000002844b231300]
Event: 1.432 Thread 0x00000284607f2470 nmethod 480 0x000002844b231710 code [0x000002844b231b60, 0x000002844b233e48]
Event: 1.432 Thread 0x00000284605a06d0 nmethod 493 0x000002844b234e90 code [0x000002844b2352e0, 0x000002844b236ef8]
Event: 1.433 Thread 0x000002846059daf0 nmethod 447 0x0000028452de0090 code [0x0000028452de0220, 0x0000028452de0348]
Event: 1.433 Thread 0x000002846059daf0  442       4       java.util.concurrent.ConcurrentHashMap::casTabAt (21 bytes)
Event: 1.433 Thread 0x00000284607f2470  495       1       java.util.concurrent.ConcurrentHashMap$MapEntry::getKey (5 bytes)
Event: 1.433 Thread 0x000002846059daf0 nmethod 442 0x0000028452de0410 code [0x0000028452de05a0, 0x0000028452de06f0]
Event: 1.433 Thread 0x00000284607f2470 nmethod 495 0x0000028452de0790 code [0x0000028452de0920, 0x0000028452de09e8]
Event: 1.434 Thread 0x00000284607f2470  496       3       java.lang.StringLatin1::inflate (34 bytes)
Event: 1.434 Thread 0x000002846059daf0  497       4       java.lang.String::length (11 bytes)
Event: 1.434 Thread 0x00000284607f2470 nmethod 496 0x000002844b237710 code [0x000002844b2378c0, 0x000002844b237ac8]
Event: 1.434 Thread 0x000002846059daf0 nmethod 497 0x0000028452de0a90 code [0x0000028452de0c20, 0x0000028452de0cd0]
Event: 1.434 Thread 0x000002846059daf0  498       4       java.lang.AbstractStringBuilder::ensureCapacityInternal (39 bytes)

GC Heap History (0 events):
No events

Dll operation events (10 events):
Event: 0.017 Loaded shared library C:\Users\akin\.jdks\openjdk-21.0.2\bin\java.dll
Event: 0.049 Loaded shared library C:\Users\akin\.jdks\openjdk-21.0.2\bin\jsvml.dll
Event: 0.074 Loaded shared library C:\Users\akin\.jdks\openjdk-21.0.2\bin\zip.dll
Event: 0.076 Loaded shared library C:\Users\akin\.jdks\openjdk-21.0.2\bin\instrument.dll
Event: 0.081 Loaded shared library C:\Users\akin\.jdks\openjdk-21.0.2\bin\net.dll
Event: 0.083 Loaded shared library C:\Users\akin\.jdks\openjdk-21.0.2\bin\nio.dll
Event: 0.086 Loaded shared library C:\Users\akin\.jdks\openjdk-21.0.2\bin\zip.dll
Event: 0.093 Loaded shared library C:\Program Files\JetBrains\IntelliJ IDEA 2023.3.2\bin\breakgen64.dll
Event: 0.099 Loaded shared library C:\Users\akin\.jdks\openjdk-21.0.2\bin\extnet.dll
Event: 0.100 Loaded shared library C:\Users\akin\.jdks\openjdk-21.0.2\bin\jimage.dll

Deoptimization events (8 events):
Event: 1.418 Thread 0x000002846058f120 Uncommon trap: trap_request=0xffffff45 fr.pc=0x0000028452d47e00 relative=0x0000000000000740
Event: 1.418 Thread 0x000002846058f120 Uncommon trap: reason=unstable_if action=reinterpret pc=0x0000028452d47e00 method=java.util.regex.Matcher.search(I)Z @ 30 c2
Event: 1.418 Thread 0x000002846058f120 DEOPT PACKING pc=0x0000028452d47e00 sp=0x00000090de5fe630
Event: 1.418 Thread 0x000002846058f120 DEOPT UNPACKING pc=0x00000284526346a2 sp=0x00000090de5fe610 mode 2
Event: 1.420 Thread 0x000002846058f120 Uncommon trap: trap_request=0xffffff45 fr.pc=0x0000028452d48f9c relative=0x000000000000013c
Event: 1.420 Thread 0x000002846058f120 Uncommon trap: reason=unstable_if action=reinterpret pc=0x0000028452d48f9c method=java.util.regex.Pattern$BmpCharPropertyGreedy.match(Ljava/util/regex/Matcher;ILjava/lang/CharSequence;)Z @ 12 c2
Event: 1.420 Thread 0x000002846058f120 DEOPT PACKING pc=0x0000028452d48f9c sp=0x00000090de5fe5c0
Event: 1.420 Thread 0x000002846058f120 DEOPT UNPACKING pc=0x00000284526346a2 sp=0x00000090de5fe558 mode 2

Classes loaded (20 events):
Event: 1.423 Loading class java/util/stream/SortedOps$AbstractRefSortingSink done
Event: 1.424 Loading class java/util/stream/SortedOps$SizedRefSortingSink done
Event: 1.424 Loading class java/time/zone/ZoneRulesProvider
Event: 1.424 Loading class java/time/zone/ZoneRulesProvider done
Event: 1.425 Loading class java/time/zone/ZoneRulesProvider$1
Event: 1.425 Loading class java/time/zone/ZoneRulesProvider$1 done
Event: 1.425 Loading class java/time/zone/TzdbZoneRulesProvider
Event: 1.425 Loading class java/time/zone/TzdbZoneRulesProvider done
Event: 1.426 Loading class java/util/Arrays$ArrayItr
Event: 1.426 Loading class java/util/Arrays$ArrayItr done
Event: 1.427 Loading class java/time/zone/Ser
Event: 1.427 Loading class java/io/Externalizable
Event: 1.427 Loading class java/io/Externalizable done
Event: 1.427 Loading class java/time/zone/Ser done
Event: 1.428 Loading class java/time/zone/ZoneOffsetTransition
Event: 1.428 Loading class java/time/zone/ZoneOffsetTransition done
Event: 1.429 Loading class sun/util/resources/TimeZoneNames
Event: 1.429 Loading class sun/util/resources/TimeZoneNames done
Event: 1.429 Loading class sun/util/resources/TimeZoneNames_en
Event: 1.429 Loading class sun/util/resources/TimeZoneNames_en done

Classes unloaded (0 events):
No events

Classes redefined (0 events):
No events

Internal exceptions (5 events):
Event: 0.087 Thread 0x0000028442d34070 Exception <a 'java/lang/NoSuchMethodError'{0x000000008c53b0e0}: 'void java.lang.invoke.DirectMethodHandle$Holder.invokeStatic(java.lang.Object, java.lang.Object, java.lang.Object)'> (0x000000008c53b0e0) 
thrown [s\open\src\hotspot\share\interpreter\linkResolver.cpp, line 773]
Event: 0.090 Thread 0x0000028442d34070 Exception <a 'java/lang/NoSuchMethodError'{0x000000008c5525e8}: 'java.lang.Object java.lang.invoke.Invokers$Holder.invokeExact_MT(java.lang.Object, java.lang.Object, java.lang.Object, java.lang.Object, java.lang.Object)'> (0x000000008c5525e8) 
thrown [s\open\src\hotspot\share\interpreter\linkResolver.cpp, line 773]
Event: 0.100 Thread 0x00000284608eff60 Exception <a 'java/lang/NoSuchMethodError'{0x000000008c5f4e88}: 'void java.lang.invoke.DirectMethodHandle$Holder.invokeStatic(java.lang.Object, java.lang.Object)'> (0x000000008c5f4e88) 
thrown [s\open\src\hotspot\share\interpreter\linkResolver.cpp, line 773]
Event: 1.423 Thread 0x000002846058f120 Exception <a 'java/lang/NoSuchMethodError'{0x000000008c20f110}: 'java.lang.Object java.lang.invoke.DirectMethodHandle$Holder.invokeStaticInit(java.lang.Object, int)'> (0x000000008c20f110) 
thrown [s\open\src\hotspot\share\interpreter\linkResolver.cpp, line 773]
Event: 1.431 Thread 0x000002846058f120 Exception <a 'java/lang/NoSuchMethodError'{0x000000008c28b0a0}: 'java.lang.Object java.lang.invoke.Invokers$Holder.invokeExact_MT(java.lang.Object, java.lang.Object, java.lang.Object, java.lang.Object, java.lang.Object, java.lang.Object)'> (0x000000008c28b0a0) 
thrown [s\open\src\hotspot\share\interpreter\linkResolver.cpp, line 773]

ZGC Phase Switch (0 events):
No events

VM Operations (4 events):
Event: 0.066 Executing VM operation: HandshakeAllThreads (Deoptimize)
Event: 0.067 Executing VM operation: HandshakeAllThreads (Deoptimize) done
Event: 1.072 Executing VM operation: Cleanup
Event: 1.072 Executing VM operation: Cleanup done

Events (18 events):
Event: 0.034 Thread 0x0000028442d34070 Thread added: 0x0000028442d34070
Event: 0.047 Thread 0x0000028460589340 Thread added: 0x0000028460589340
Event: 0.047 Thread 0x000002846058c070 Thread added: 0x000002846058c070
Event: 0.047 Thread 0x000002846058e6c0 Thread added: 0x000002846058e6c0
Event: 0.047 Thread 0x000002846058f120 Thread added: 0x000002846058f120
Event: 0.047 Thread 0x000002846058fcb0 Thread added: 0x000002846058fcb0
Event: 0.047 Thread 0x0000028460590710 Thread added: 0x0000028460590710
Event: 0.047 Thread 0x000002846059daf0 Thread added: 0x000002846059daf0
Event: 0.048 Thread 0x00000284605a06d0 Thread added: 0x00000284605a06d0
Event: 0.062 Thread 0x00000284607ed6e0 Thread added: 0x00000284607ed6e0
Event: 0.067 Thread 0x00000284607f2470 Thread added: 0x00000284607f2470
Event: 0.067 Thread 0x00000284607f6b30 Thread added: 0x00000284607f6b30
Event: 0.093 Thread 0x00000284608eff60 Thread added: 0x00000284608eff60
Event: 0.093 Thread 0x00000284608f05d0 Thread added: 0x00000284608f05d0
Event: 0.112 Thread 0x00000284609340a0 Thread added: 0x00000284609340a0
Event: 1.412 Thread 0x00000284609340a0 Thread exited: 0x00000284609340a0
Event: 1.413 Thread 0x00000284609340a0 Thread added: 0x00000284609340a0
Event: 1.426 Thread 0x00000284609f4fa0 Thread added: 0x00000284609f4fa0


Dynamic libraries:
0x00007ff7a4930000 - 0x00007ff7a493e000 	C:\Users\akin\.jdks\openjdk-21.0.2\bin\java.exe
0x00007fff0caf0000 - 0x00007fff0cd07000 	C:\Windows\SYSTEM32\ntdll.dll
0x00007fff0b910000 - 0x00007fff0b9d4000 	C:\Windows\System32\KERNEL32.DLL
0x00007fff09f10000 - 0x00007fff0a2b6000 	C:\Windows\System32\KERNELBASE.dll
0x00007fff0a2c0000 - 0x00007fff0a3d1000 	C:\Windows\System32\ucrtbase.dll
0x00007fff060c0000 - 0x00007fff060d8000 	C:\Users\akin\.jdks\openjdk-21.0.2\bin\jli.dll
0x00007fff060a0000 - 0x00007fff060bb000 	C:\Users\akin\.jdks\openjdk-21.0.2\bin\VCRUNTIME140.dll
0x00007fff0b9e0000 - 0x00007fff0bb8e000 	C:\Windows\System32\USER32.dll
0x00007fff09eb0000 - 0x00007fff09ed6000 	C:\Windows\System32\win32u.dll
0x00007ffee2ff0000 - 0x00007ffee3283000 	C:\Windows\WinSxS\amd64_microsoft.windows.common-controls_6595b64144ccf1df_6.0.22621.2506_none_270c5ae97388e100\COMCTL32.dll
0x00007fff0b070000 - 0x00007fff0b099000 	C:\Windows\System32\GDI32.dll
0x00007fff0aae0000 - 0x00007fff0ab87000 	C:\Windows\System32\msvcrt.dll
0x00007fff0a610000 - 0x00007fff0a728000 	C:\Windows\System32\gdi32full.dll
0x00007fff0a7a0000 - 0x00007fff0a83a000 	C:\Windows\System32\msvcp_win.dll
0x00007fff0a850000 - 0x00007fff0a881000 	C:\Windows\System32\IMM32.DLL
0x00007fff06090000 - 0x00007fff0609c000 	C:\Users\akin\.jdks\openjdk-21.0.2\bin\vcruntime140_1.dll
0x00007ffeedfa0000 - 0x00007ffeee02e000 	C:\Users\akin\.jdks\openjdk-21.0.2\bin\msvcp140.dll
0x00007ffee7df0000 - 0x00007ffee8b07000 	C:\Users\akin\.jdks\openjdk-21.0.2\bin\server\jvm.dll
0x00007fff0aa20000 - 0x00007fff0aad3000 	C:\Windows\System32\ADVAPI32.dll
0x00007fff0a8f0000 - 0x00007fff0a998000 	C:\Windows\System32\sechost.dll
0x00007fff09ee0000 - 0x00007fff09f08000 	C:\Windows\System32\bcrypt.dll
0x00007fff0b6a0000 - 0x00007fff0b7b7000 	C:\Windows\System32\RPCRT4.dll
0x00007fff0a9a0000 - 0x00007fff0aa11000 	C:\Windows\System32\WS2_32.dll
0x00007fff08cc0000 - 0x00007fff08d0d000 	C:\Windows\SYSTEM32\POWRPROF.dll
0x00007ffefddb0000 - 0x00007ffefdde4000 	C:\Windows\SYSTEM32\WINMM.dll
0x00007ffeff730000 - 0x00007ffeff73a000 	C:\Windows\SYSTEM32\VERSION.dll
0x00007fff08ca0000 - 0x00007fff08cb3000 	C:\Windows\SYSTEM32\UMPDC.dll
0x00007fff08f00000 - 0x00007fff08f18000 	C:\Windows\SYSTEM32\kernel.appcore.dll
0x00007fff06080000 - 0x00007fff0608a000 	C:\Users\akin\.jdks\openjdk-21.0.2\bin\jimage.dll
0x00007fff07840000 - 0x00007fff07a73000 	C:\Windows\SYSTEM32\DBGHELP.DLL
0x00007fff0c720000 - 0x00007fff0caa9000 	C:\Windows\System32\combase.dll
0x00007fff0c640000 - 0x00007fff0c717000 	C:\Windows\System32\OLEAUT32.dll
0x00007ffeff310000 - 0x00007ffeff342000 	C:\Windows\SYSTEM32\dbgcore.DLL
0x00007fff09e30000 - 0x00007fff09eaa000 	C:\Windows\System32\bcryptPrimitives.dll
0x00007fff06040000 - 0x00007fff0604f000 	C:\Users\akin\.jdks\openjdk-21.0.2\bin\instrument.dll
0x00007fff023f0000 - 0x00007fff0240f000 	C:\Users\akin\.jdks\openjdk-21.0.2\bin\java.dll
0x00007fff0bba0000 - 0x00007fff0c3fb000 	C:\Windows\System32\SHELL32.dll
0x00007fff07d90000 - 0x00007fff08686000 	C:\Windows\SYSTEM32\windows.storage.dll
0x00007fff07c50000 - 0x00007fff07d8e000 	C:\Windows\SYSTEM32\wintypes.dll
0x00007fff0ad50000 - 0x00007fff0ae43000 	C:\Windows\System32\SHCORE.dll
0x00007fff0a890000 - 0x00007fff0a8ee000 	C:\Windows\System32\shlwapi.dll
0x00007fff09d60000 - 0x00007fff09d86000 	C:\Windows\SYSTEM32\profapi.dll
0x00007ffeedd80000 - 0x00007ffeede57000 	C:\Users\akin\.jdks\openjdk-21.0.2\bin\jsvml.dll
0x00007fff015e0000 - 0x00007fff015f8000 	C:\Users\akin\.jdks\openjdk-21.0.2\bin\zip.dll
0x00007fff023e0000 - 0x00007fff023f0000 	C:\Users\akin\.jdks\openjdk-21.0.2\bin\net.dll
0x00007fff03a10000 - 0x00007fff03b47000 	C:\Windows\SYSTEM32\WINHTTP.dll
0x00007fff093e0000 - 0x00007fff09449000 	C:\Windows\system32\mswsock.dll
0x00007fff01460000 - 0x00007fff01476000 	C:\Users\akin\.jdks\openjdk-21.0.2\bin\nio.dll
0x00007ffefeb30000 - 0x00007ffefeb4a000 	C:\Program Files\JetBrains\IntelliJ IDEA 2023.3.2\bin\breakgen64.dll
0x00007fff015b0000 - 0x00007fff015b9000 	C:\Users\akin\.jdks\openjdk-21.0.2\bin\extnet.dll

dbghelp: loaded successfully - version: 4.0.5 - missing functions: none
symbol engine: initialized successfully - sym options: 0x614 - pdb path: .;C:\Users\akin\.jdks\openjdk-21.0.2\bin;C:\Windows\SYSTEM32;C:\Windows\WinSxS\amd64_microsoft.windows.common-controls_6595b64144ccf1df_6.0.22621.2506_none_270c5ae97388e100;C:\Users\akin\.jdks\openjdk-21.0.2\bin\server;C:\Program Files\JetBrains\IntelliJ IDEA 2023.3.2\bin

VM Arguments:
jvm_args: -javaagent:C:\Program Files\JetBrains\IntelliJ IDEA 2023.3.2\lib\idea_rt.jar=49986:C:\Program Files\JetBrains\IntelliJ IDEA 2023.3.2\bin -Dfile.encoding=UTF-8 -Dsun.stdout.encoding=UTF-8 -Dsun.stderr.encoding=UTF-8 
java_command: projects.UcakBileti
java_class_path (initial): C:\Users\akin\IdeaProjects\patikaDev\out\production\patikaDev
Launcher Type: SUN_STANDARD

[Global flags]
     intx CICompilerCount                          = 12                                        {product} {ergonomic}
     uint ConcGCThreads                            = 4                                         {product} {ergonomic}
     uint G1ConcRefinementThreads                  = 15                                        {product} {ergonomic}
   size_t G1HeapRegionSize                         = 1048576                                   {product} {ergonomic}
    uintx GCDrainStackTargetSize                   = 64                                        {product} {ergonomic}
   size_t InitialHeapSize                          = 130023424                                 {product} {ergonomic}
   size_t MarkStackSize                            = 4194304                                   {product} {ergonomic}
   size_t MaxHeapSize                              = 2067791872                                {product} {ergonomic}
   size_t MaxNewSize                               = 1240465408                                {product} {ergonomic}
   size_t MinHeapDeltaBytes                        = 1048576                                   {product} {ergonomic}
   size_t MinHeapSize                              = 8388608                                   {product} {ergonomic}
    uintx NonNMethodCodeHeapSize                   = 7602480                                {pd product} {ergonomic}
    uintx NonProfiledCodeHeapSize                  = 122027880                              {pd product} {ergonomic}
    uintx ProfiledCodeHeapSize                     = 122027880                              {pd product} {ergonomic}
    uintx ReservedCodeCacheSize                    = 251658240                              {pd product} {ergonomic}
     bool SegmentedCodeCache                       = true                                      {product} {ergonomic}
   size_t SoftMaxHeapSize                          = 2067791872                             {manageable} {ergonomic}
     bool UseCompressedOops                        = true                           {product lp64_product} {ergonomic}
     bool UseG1GC                                  = true                                      {product} {ergonomic}
     bool UseLargePagesIndividualAllocation        = false                                  {pd product} {ergonomic}

Logging:
Log output configuration:
 #0: stdout all=warning uptime,level,tags foldmultilines=false
 #1: stderr all=off uptime,level,tags foldmultilines=false

Environment Variables:
PATH=C:\Program Files (x86)\Common Files\Oracle\Java\javapath;C:\Python312\Scripts\;C:\Python312\;C:\Windows\system32;C:\Windows;C:\Windows\System32\Wbem;C:\Windows\System32\WindowsPowerShell\v1.0\;C:\Windows\System32\OpenSSH\;C:\Program Files (x86)\Microsoft SQL Server\160\DTS\Binn\;C:\Program Files\Azure Data Studio\bin;C:\Program Files\Microsoft SQL Server\150\Tools\Binn\;C:\Program Files\Microsoft SQL Server\Client SDK\ODBC\170\Tools\Binn\;C:\Program Files\dotnet\;C:\Program Files (x86)\Microsoft SQL Server\160\Tools\Binn\;C:\Program Files\Microsoft SQL Server\160\Tools\Binn\;C:\Program Files\Microsoft SQL Server\160\DTS\Binn\;C:\Program Files\nodejs\;C:\ProgramData\chocolatey\bin;C:\Program Files\Git\cmd;C:\Program Files (x86)\Windows Kits\10\Windows Performance Toolkit\;C:\Users\akin\AppData\Local\Microsoft\WindowsApps;;C:\Program Files\Azure Data Studio\bin;C:\Users\akin\AppData\Local\Programs\Microsoft VS Code\bin;C:\Users\akin\.dotnet\tools;C:\Users\akin\AppData\Roaming\npm;C:\Users\akin\AppData\Local\Microsoft\WinGet\Links;;C:\Program Files\JetBrains\IntelliJ IDEA 2023.3.2\bin;
USERNAME=akin
OS=Windows_NT
PROCESSOR_IDENTIFIER=Intel64 Family 6 Model 151 Stepping 2, GenuineIntel
TMP=C:\Users\akin\AppData\Local\Temp
TEMP=C:\Users\akin\AppData\Local\Temp




Periodic native trim disabled

---------------  S Y S T E M  ---------------

OS:
 Windows 11 , 64 bit Build 22621 (10.0.22621.3085)
OS uptime: 4 days 15:56 hours
Hyper-V role detected

CPU: total 20 (initial active 20) (10 cores per cpu, 2 threads per core) family 6 model 151 stepping 2 microcode 0x2e, cx8, cmov, fxsr, ht, mmx, 3dnowpref, sse, sse2, sse3, ssse3, sse4.1, sse4.2, popcnt, lzcnt, tsc, tscinvbit, avx, avx2, aes, erms, clmul, bmi1, bmi2, adx, sha, fma, vzeroupper, clflush, clflushopt, clwb, hv, serialize, rdtscp, rdpid, fsrm, f16c, cet_ibt, cet_ss
Processor Information for processor 0
  Max Mhz: 2100, Current Mhz: 2100, Mhz Limit: 2100
Processor Information for processor 1
  Max Mhz: 2100, Current Mhz: 2100, Mhz Limit: 2100
Processor Information for processor 2
  Max Mhz: 2100, Current Mhz: 2100, Mhz Limit: 2100
Processor Information for processor 3
  Max Mhz: 2100, Current Mhz: 2100, Mhz Limit: 2100
Processor Information for processor 4
  Max Mhz: 2100, Current Mhz: 2100, Mhz Limit: 2100
Processor Information for processor 5
  Max Mhz: 2100, Current Mhz: 2100, Mhz Limit: 2100
Processor Information for processor 6
  Max Mhz: 2100, Current Mhz: 2100, Mhz Limit: 2100
Processor Information for processor 7
  Max Mhz: 2100, Current Mhz: 2100, Mhz Limit: 2100
Processor Information for processor 8
  Max Mhz: 2100, Current Mhz: 2100, Mhz Limit: 2100
Processor Information for processor 9
  Max Mhz: 2100, Current Mhz: 2100, Mhz Limit: 2100
Processor Information for processor 10
  Max Mhz: 2100, Current Mhz: 2100, Mhz Limit: 2100
Processor Information for processor 11
  Max Mhz: 2100, Current Mhz: 2100, Mhz Limit: 2100
Processor Information for processor 12
  Max Mhz: 2100, Current Mhz: 2100, Mhz Limit: 2100
Processor Information for processor 13
  Max Mhz: 2100, Current Mhz: 2100, Mhz Limit: 2100
Processor Information for processor 14
  Max Mhz: 2100, Current Mhz: 2100, Mhz Limit: 2100
Processor Information for processor 15
  Max Mhz: 2100, Current Mhz: 2100, Mhz Limit: 2100
Processor Information for processor 16
  Max Mhz: 2100, Current Mhz: 1600, Mhz Limit: 1596
Processor Information for processor 17
  Max Mhz: 2100, Current Mhz: 1600, Mhz Limit: 1596
Processor Information for processor 18
  Max Mhz: 2100, Current Mhz: 1600, Mhz Limit: 1596
Processor Information for processor 19
  Max Mhz: 2100, Current Mhz: 1600, Mhz Limit: 1596

Memory: 4k page, system-wide physical 7880M (583M free)
TotalPageFile size 32456M (AvailPageFile size 0M)
current process WorkingSet (physical memory assigned to process): 45M, peak: 45M
current process commit charge ("private bytes"): 225M, peak: 225M

vm_info: OpenJDK 64-Bit Server VM (21.0.2+13-58) for windows-amd64 JRE (21.0.2+13-58), built on 2024-01-05T18:32:24Z by "mach5one" with MS VC++ 17.1 (VS2022)

END.
